<?xml version="1.0" encoding="UTF-8"?>
<testsuite name="com.jojoidu.book.springboot.web.PostApiControllerTest" tests="2" skipped="0" failures="0" errors="0" timestamp="2021-09-24T05:38:24" hostname="gimtaemin-ui-MacBookAir.local" time="0.899">
  <properties/>
  <testcase name="Post_등록된다" classname="com.jojoidu.book.springboot.web.PostApiControllerTest" time="0.786"/>
  <testcase name="Post_수정된다" classname="com.jojoidu.book.springboot.web.PostApiControllerTest" time="0.109"/>
  <system-out><![CDATA[2021-09-24 14:38:24.675  INFO 96715 --- [    Test worker] .b.t.c.SpringBootTestContextBootstrapper : Neither @ContextConfiguration nor @ContextHierarchy found for test class [com.jojoidu.book.springboot.web.PostApiControllerTest], using SpringBootContextLoader
2021-09-24 14:38:24.677  INFO 96715 --- [    Test worker] o.s.t.c.support.AbstractContextLoader    : Could not detect default resource locations for test class [com.jojoidu.book.springboot.web.PostApiControllerTest]: no resource found for suffixes {-context.xml, Context.groovy}.
2021-09-24 14:38:24.678  INFO 96715 --- [    Test worker] t.c.s.AnnotationConfigContextLoaderUtils : Could not detect default configuration classes for test class [com.jojoidu.book.springboot.web.PostApiControllerTest]: PostApiControllerTest does not declare any static, non-private, non-final, nested classes annotated with @Configuration.
2021-09-24 14:38:24.681  INFO 96715 --- [    Test worker] .b.t.c.SpringBootTestContextBootstrapper : Found @SpringBootConfiguration com.jojoidu.book.springboot.Application for test class com.jojoidu.book.springboot.web.PostApiControllerTest
2021-09-24 14:38:24.684  INFO 96715 --- [    Test worker] .b.t.c.SpringBootTestContextBootstrapper : Loaded default TestExecutionListener class names from location [META-INF/spring.factories]: [org.springframework.security.test.context.support.WithSecurityContextTestExecutionListener, org.springframework.security.test.context.support.ReactorContextTestExecutionListener, org.springframework.boot.test.autoconfigure.restdocs.RestDocsTestExecutionListener, org.springframework.boot.test.autoconfigure.web.client.MockRestServiceServerResetTestExecutionListener, org.springframework.boot.test.autoconfigure.web.servlet.MockMvcPrintOnlyOnFailureTestExecutionListener, org.springframework.boot.test.autoconfigure.web.servlet.WebDriverTestExecutionListener, org.springframework.boot.test.mock.mockito.MockitoTestExecutionListener, org.springframework.boot.test.mock.mockito.ResetMocksTestExecutionListener, org.springframework.test.context.web.ServletTestExecutionListener, org.springframework.test.context.support.DirtiesContextBeforeModesTestExecutionListener, org.springframework.test.context.support.DependencyInjectionTestExecutionListener, org.springframework.test.context.support.DirtiesContextTestExecutionListener, org.springframework.test.context.transaction.TransactionalTestExecutionListener, org.springframework.test.context.jdbc.SqlScriptsTestExecutionListener]
2021-09-24 14:38:24.686  INFO 96715 --- [    Test worker] .b.t.c.SpringBootTestContextBootstrapper : Using TestExecutionListeners: [org.springframework.test.context.web.ServletTestExecutionListener@7448ef34, org.springframework.test.context.support.DirtiesContextBeforeModesTestExecutionListener@58257eeb, org.springframework.boot.test.mock.mockito.MockitoTestExecutionListener@2595ec2f, org.springframework.boot.test.autoconfigure.SpringBootDependencyInjectionTestExecutionListener@eacb4dd, org.springframework.test.context.support.DirtiesContextTestExecutionListener@3daedb73, org.springframework.test.context.transaction.TransactionalTestExecutionListener@4e0f380b, org.springframework.test.context.jdbc.SqlScriptsTestExecutionListener@44f14171, org.springframework.security.test.context.support.WithSecurityContextTestExecutionListener@2f100f6e, org.springframework.security.test.context.support.ReactorContextTestExecutionListener@64ae3cbc, org.springframework.boot.test.autoconfigure.restdocs.RestDocsTestExecutionListener@53d68f42, org.springframework.boot.test.autoconfigure.web.client.MockRestServiceServerResetTestExecutionListener@1d62b680, org.springframework.boot.test.autoconfigure.web.servlet.MockMvcPrintOnlyOnFailureTestExecutionListener@32a6a13d, org.springframework.boot.test.autoconfigure.web.servlet.WebDriverTestExecutionListener@27782009, org.springframework.boot.test.mock.mockito.ResetMocksTestExecutionListener@4033173b]
2021-09-24 14:38:24.867  INFO 96715 --- [    Test worker] o.a.c.c.C.[Tomcat].[localhost].[/]       : Initializing Spring TestDispatcherServlet ''
2021-09-24 14:38:24.868  INFO 96715 --- [    Test worker] o.s.t.web.servlet.TestDispatcherServlet  : Initializing Servlet ''
2021-09-24 14:38:24.875  INFO 96715 --- [    Test worker] o.s.t.web.servlet.TestDispatcherServlet  : Completed initialization in 7 ms
Hibernate: insert into post (created_date, modified_date, author, content, title) values (?, ?, ?, ?, ?)
Hibernate: select post0_.id as id1_0_, post0_.created_date as created_2_0_, post0_.modified_date as modified3_0_, post0_.author as author4_0_, post0_.content as content5_0_, post0_.title as title6_0_ from post post0_
Hibernate: select post0_.id as id1_0_, post0_.created_date as created_2_0_, post0_.modified_date as modified3_0_, post0_.author as author4_0_, post0_.content as content5_0_, post0_.title as title6_0_ from post post0_
Hibernate: delete from post where id=?
2021-09-24 14:38:25.501  INFO 96715 --- [    Test worker] o.a.c.c.C.[Tomcat].[localhost].[/]       : Initializing Spring TestDispatcherServlet ''
2021-09-24 14:38:25.501  INFO 96715 --- [    Test worker] o.s.t.web.servlet.TestDispatcherServlet  : Initializing Servlet ''
2021-09-24 14:38:25.522  INFO 96715 --- [    Test worker] o.s.t.web.servlet.TestDispatcherServlet  : Completed initialization in 21 ms
Hibernate: insert into post (created_date, modified_date, author, content, title) values (?, ?, ?, ?, ?)
Hibernate: select post0_.id as id1_0_0_, post0_.created_date as created_2_0_0_, post0_.modified_date as modified3_0_0_, post0_.author as author4_0_0_, post0_.content as content5_0_0_, post0_.title as title6_0_0_ from post post0_ where post0_.id=?
Hibernate: update post set created_date=?, modified_date=?, author=?, content=?, title=? where id=?
Hibernate: select post0_.id as id1_0_, post0_.created_date as created_2_0_, post0_.modified_date as modified3_0_, post0_.author as author4_0_, post0_.content as content5_0_, post0_.title as title6_0_ from post post0_
Hibernate: select post0_.id as id1_0_, post0_.created_date as created_2_0_, post0_.modified_date as modified3_0_, post0_.author as author4_0_, post0_.content as content5_0_, post0_.title as title6_0_ from post post0_
Hibernate: delete from post where id=?
]]></system-out>
  <system-err><![CDATA[]]></system-err>
</testsuite>
