<?xml version="1.0" encoding="UTF-8"?>
<testsuite name="com.jojoidu.book.springboot.domain.post.PostRepositoryTest" tests="2" skipped="0" failures="0" errors="0" timestamp="2021-09-24T05:38:28" hostname="gimtaemin-ui-MacBookAir.local" time="0.053">
  <properties/>
  <testcase name="게시글저장_불러오기" classname="com.jojoidu.book.springboot.domain.post.PostRepositoryTest" time="0.031"/>
  <testcase name="BaseTimeEntity_등록" classname="com.jojoidu.book.springboot.domain.post.PostRepositoryTest" time="0.021"/>
  <system-out><![CDATA[2021-09-24 14:38:26.919  INFO 96715 --- [    Test worker] .b.t.c.SpringBootTestContextBootstrapper : Neither @ContextConfiguration nor @ContextHierarchy found for test class [com.jojoidu.book.springboot.domain.post.PostRepositoryTest], using SpringBootContextLoader
2021-09-24 14:38:26.920  INFO 96715 --- [    Test worker] o.s.t.c.support.AbstractContextLoader    : Could not detect default resource locations for test class [com.jojoidu.book.springboot.domain.post.PostRepositoryTest]: no resource found for suffixes {-context.xml, Context.groovy}.
2021-09-24 14:38:26.920  INFO 96715 --- [    Test worker] t.c.s.AnnotationConfigContextLoaderUtils : Could not detect default configuration classes for test class [com.jojoidu.book.springboot.domain.post.PostRepositoryTest]: PostRepositoryTest does not declare any static, non-private, non-final, nested classes annotated with @Configuration.
2021-09-24 14:38:26.934  INFO 96715 --- [    Test worker] .b.t.c.SpringBootTestContextBootstrapper : Found @SpringBootConfiguration com.jojoidu.book.springboot.Application for test class com.jojoidu.book.springboot.domain.post.PostRepositoryTest
2021-09-24 14:38:26.936  INFO 96715 --- [    Test worker] .b.t.c.SpringBootTestContextBootstrapper : Loaded default TestExecutionListener class names from location [META-INF/spring.factories]: [org.springframework.security.test.context.support.WithSecurityContextTestExecutionListener, org.springframework.security.test.context.support.ReactorContextTestExecutionListener, org.springframework.boot.test.autoconfigure.restdocs.RestDocsTestExecutionListener, org.springframework.boot.test.autoconfigure.web.client.MockRestServiceServerResetTestExecutionListener, org.springframework.boot.test.autoconfigure.web.servlet.MockMvcPrintOnlyOnFailureTestExecutionListener, org.springframework.boot.test.autoconfigure.web.servlet.WebDriverTestExecutionListener, org.springframework.boot.test.mock.mockito.MockitoTestExecutionListener, org.springframework.boot.test.mock.mockito.ResetMocksTestExecutionListener, org.springframework.test.context.web.ServletTestExecutionListener, org.springframework.test.context.support.DirtiesContextBeforeModesTestExecutionListener, org.springframework.test.context.support.DependencyInjectionTestExecutionListener, org.springframework.test.context.support.DirtiesContextTestExecutionListener, org.springframework.test.context.transaction.TransactionalTestExecutionListener, org.springframework.test.context.jdbc.SqlScriptsTestExecutionListener]
2021-09-24 14:38:26.938  INFO 96715 --- [    Test worker] .b.t.c.SpringBootTestContextBootstrapper : Using TestExecutionListeners: [org.springframework.test.context.web.ServletTestExecutionListener@534601e7, org.springframework.test.context.support.DirtiesContextBeforeModesTestExecutionListener@2097bd41, org.springframework.boot.test.mock.mockito.MockitoTestExecutionListener@46003ce, org.springframework.boot.test.autoconfigure.SpringBootDependencyInjectionTestExecutionListener@77655690, org.springframework.test.context.support.DirtiesContextTestExecutionListener@14cf38a2, org.springframework.test.context.transaction.TransactionalTestExecutionListener@9aff2cf, org.springframework.test.context.jdbc.SqlScriptsTestExecutionListener@d55fe47, org.springframework.security.test.context.support.WithSecurityContextTestExecutionListener@5059e8ab, org.springframework.security.test.context.support.ReactorContextTestExecutionListener@3d3ec02a, org.springframework.boot.test.autoconfigure.restdocs.RestDocsTestExecutionListener@4b7174c8, org.springframework.boot.test.autoconfigure.web.client.MockRestServiceServerResetTestExecutionListener@69f41c27, org.springframework.boot.test.autoconfigure.web.servlet.MockMvcPrintOnlyOnFailureTestExecutionListener@7677bd02, org.springframework.boot.test.autoconfigure.web.servlet.WebDriverTestExecutionListener@3d830c76, org.springframework.boot.test.mock.mockito.ResetMocksTestExecutionListener@7d94e83a]

  .   ____          _            __ _ _
 /\\ / ___'_ __ _ _(_)_ __  __ _ \ \ \ \
( ( )\___ | '_ | '_| | '_ \/ _` | \ \ \ \
 \\/  ___)| |_)| | | | | || (_| |  ) ) ) )
  '  |____| .__|_| |_|_| |_\__, | / / / /
 =========|_|==============|___/=/_/_/_/
 :: Spring Boot ::        (v2.1.9.RELEASE)

2021-09-24 14:38:26.972  INFO 96715 --- [    Test worker] c.j.b.s.domain.post.PostRepositoryTest   : Starting PostRepositoryTest on gimtaemin-ui-MacBookAir.local with PID 96715 (started by kimtaemin in /Users/kimtaemin/Desktop/study/springboot-aws-webservice)
2021-09-24 14:38:26.973  INFO 96715 --- [    Test worker] c.j.b.s.domain.post.PostRepositoryTest   : No active profile set, falling back to default profiles: default
2021-09-24 14:38:27.199  INFO 96715 --- [    Test worker] .s.d.r.c.RepositoryConfigurationDelegate : Bootstrapping Spring Data repositories in DEFAULT mode.
2021-09-24 14:38:27.225  INFO 96715 --- [    Test worker] .s.d.r.c.RepositoryConfigurationDelegate : Finished Spring Data repository scanning in 25ms. Found 2 repository interfaces.
2021-09-24 14:38:27.385  INFO 96715 --- [    Test worker] trationDelegate$BeanPostProcessorChecker : Bean 'org.springframework.transaction.annotation.ProxyTransactionManagementConfiguration' of type [org.springframework.transaction.annotation.ProxyTransactionManagementConfiguration$$EnhancerBySpringCGLIB$$48d1c697] is not eligible for getting processed by all BeanPostProcessors (for example: not eligible for auto-proxying)
2021-09-24 14:38:27.498  INFO 96715 --- [    Test worker] com.zaxxer.hikari.HikariDataSource       : HikariPool-2 - Starting...
2021-09-24 14:38:27.500  INFO 96715 --- [    Test worker] com.zaxxer.hikari.HikariDataSource       : HikariPool-2 - Start completed.
2021-09-24 14:38:27.525  INFO 96715 --- [    Test worker] o.hibernate.jpa.internal.util.LogHelper  : HHH000204: Processing PersistenceUnitInfo [
	name: default
	...]
2021-09-24 14:38:27.535  INFO 96715 --- [    Test worker] org.hibernate.dialect.Dialect            : HHH000400: Using dialect: org.hibernate.dialect.MySQL5InnoDBDialect
Hibernate: drop table if exists post
Hibernate: drop table if exists user
Hibernate: create table post (id bigint not null auto_increment, created_date datetime, modified_date datetime, author varchar(255), content TEXT not null, title varchar(500) not null, primary key (id)) engine=InnoDB
Hibernate: create table user (id bigint not null auto_increment, created_date datetime, modified_date datetime, email varchar(255) not null, name varchar(255) not null, picture varchar(255), role varchar(255) not null, primary key (id)) engine=InnoDB
2021-09-24 14:38:27.601  INFO 96715 --- [    Test worker] o.h.t.schema.internal.SchemaCreatorImpl  : HHH000476: Executing import script 'org.hibernate.tool.schema.internal.exec.ScriptSourceInputNonExistentImpl@b293af0'
2021-09-24 14:38:27.601  INFO 96715 --- [    Test worker] j.LocalContainerEntityManagerFactoryBean : Initialized JPA EntityManagerFactory for persistence unit 'default'
2021-09-24 14:38:27.848  INFO 96715 --- [    Test worker] o.h.h.i.QueryTranslatorFactoryInitiator  : HHH000397: Using ASTQueryTranslatorFactory
2021-09-24 14:38:28.032  INFO 96715 --- [    Test worker] o.s.s.web.DefaultSecurityFilterChain     : Creating filter chain: any request, [org.springframework.security.web.context.request.async.WebAsyncManagerIntegrationFilter@3216cc06, org.springframework.security.web.context.SecurityContextPersistenceFilter@23feafae, org.springframework.security.web.header.HeaderWriterFilter@4b8928cf, org.springframework.security.web.authentication.logout.LogoutFilter@782597cb, org.springframework.security.oauth2.client.web.OAuth2AuthorizationRequestRedirectFilter@52645ed3, org.springframework.security.oauth2.client.web.OAuth2LoginAuthenticationFilter@5ae3ad14, org.springframework.security.web.authentication.ui.DefaultLoginPageGeneratingFilter@2ef0de64, org.springframework.security.web.authentication.ui.DefaultLogoutPageGeneratingFilter@63ebb40d, org.springframework.security.web.savedrequest.RequestCacheAwareFilter@2204a65a, org.springframework.security.web.servletapi.SecurityContextHolderAwareRequestFilter@20493d85, org.springframework.security.web.authentication.AnonymousAuthenticationFilter@1389ec65, org.springframework.security.web.session.SessionManagementFilter@1eb200a8, org.springframework.security.web.access.ExceptionTranslationFilter@610c0eed, org.springframework.security.web.access.intercept.FilterSecurityInterceptor@11f80a9b]
2021-09-24 14:38:28.371  INFO 96715 --- [    Test worker] o.s.s.concurrent.ThreadPoolTaskExecutor  : Initializing ExecutorService 'applicationTaskExecutor'
2021-09-24 14:38:28.385  WARN 96715 --- [    Test worker] aWebConfiguration$JpaWebMvcConfiguration : spring.jpa.open-in-view is enabled by default. Therefore, database queries may be performed during view rendering. Explicitly configure spring.jpa.open-in-view to disable this warning
2021-09-24 14:38:28.415  INFO 96715 --- [    Test worker] o.s.b.a.w.s.WelcomePageHandlerMapping    : Adding welcome page template: index
2021-09-24 14:38:28.816  INFO 96715 --- [    Test worker] s.a.ScheduledAnnotationBeanPostProcessor : No TaskScheduler/ScheduledExecutorService bean found for scheduled processing
2021-09-24 14:38:28.818  INFO 96715 --- [    Test worker] c.j.b.s.domain.post.PostRepositoryTest   : Started PostRepositoryTest in 1.878 seconds (JVM running for 15.256)
Hibernate: insert into post (created_date, modified_date, author, content, title) values (?, ?, ?, ?, ?)
Hibernate: select post0_.id as id1_0_, post0_.created_date as created_2_0_, post0_.modified_date as modified3_0_, post0_.author as author4_0_, post0_.content as content5_0_, post0_.title as title6_0_ from post post0_
Hibernate: select post0_.id as id1_0_, post0_.created_date as created_2_0_, post0_.modified_date as modified3_0_, post0_.author as author4_0_, post0_.content as content5_0_, post0_.title as title6_0_ from post post0_
Hibernate: delete from post where id=?
Hibernate: insert into post (created_date, modified_date, author, content, title) values (?, ?, ?, ?, ?)
Hibernate: select post0_.id as id1_0_, post0_.created_date as created_2_0_, post0_.modified_date as modified3_0_, post0_.author as author4_0_, post0_.content as content5_0_, post0_.title as title6_0_ from post post0_
2021-09-24 14:38:28.868  INFO 96715 --- [    Test worker] c.j.b.s.domain.post.PostRepositoryTest   : >>>>>> createDate=2021-09-24T14:38:28.863, modifiedDate = 2021-09-24T14:38:28.863
Hibernate: select post0_.id as id1_0_, post0_.created_date as created_2_0_, post0_.modified_date as modified3_0_, post0_.author as author4_0_, post0_.content as content5_0_, post0_.title as title6_0_ from post post0_
Hibernate: delete from post where id=?
]]></system-out>
  <system-err><![CDATA[]]></system-err>
</testsuite>
