<?xml version="1.0" encoding="UTF-8"?>
<testsuite name="com.jojoidu.book.springboot.web.HelloControllerTest" tests="2" skipped="0" failures="0" errors="0" timestamp="2021-09-24T05:38:26" hostname="gimtaemin-ui-MacBookAir.local" time="0.083">
  <properties/>
  <testcase name="hello가_리턴된다" classname="com.jojoidu.book.springboot.web.HelloControllerTest" time="0.022"/>
  <testcase name="helloDto가_리턴된다" classname="com.jojoidu.book.springboot.web.HelloControllerTest" time="0.06"/>
  <system-out><![CDATA[2021-09-24 14:38:25.620  INFO 96715 --- [    Test worker] .b.t.a.w.s.WebMvcTestContextBootstrapper : Neither @ContextConfiguration nor @ContextHierarchy found for test class [com.jojoidu.book.springboot.web.HelloControllerTest], using SpringBootContextLoader
2021-09-24 14:38:25.623  INFO 96715 --- [    Test worker] o.s.t.c.support.AbstractContextLoader    : Could not detect default resource locations for test class [com.jojoidu.book.springboot.web.HelloControllerTest]: no resource found for suffixes {-context.xml, Context.groovy}.
2021-09-24 14:38:25.624  INFO 96715 --- [    Test worker] t.c.s.AnnotationConfigContextLoaderUtils : Could not detect default configuration classes for test class [com.jojoidu.book.springboot.web.HelloControllerTest]: HelloControllerTest does not declare any static, non-private, non-final, nested classes annotated with @Configuration.
2021-09-24 14:38:25.697  INFO 96715 --- [    Test worker] .b.t.c.SpringBootTestContextBootstrapper : Found @SpringBootConfiguration com.jojoidu.book.springboot.Application for test class com.jojoidu.book.springboot.web.HelloControllerTest
2021-09-24 14:38:25.697  INFO 96715 --- [    Test worker] .b.t.a.w.s.WebMvcTestContextBootstrapper : Loaded default TestExecutionListener class names from location [META-INF/spring.factories]: [org.springframework.security.test.context.support.WithSecurityContextTestExecutionListener, org.springframework.security.test.context.support.ReactorContextTestExecutionListener, org.springframework.boot.test.autoconfigure.restdocs.RestDocsTestExecutionListener, org.springframework.boot.test.autoconfigure.web.client.MockRestServiceServerResetTestExecutionListener, org.springframework.boot.test.autoconfigure.web.servlet.MockMvcPrintOnlyOnFailureTestExecutionListener, org.springframework.boot.test.autoconfigure.web.servlet.WebDriverTestExecutionListener, org.springframework.boot.test.mock.mockito.MockitoTestExecutionListener, org.springframework.boot.test.mock.mockito.ResetMocksTestExecutionListener, org.springframework.test.context.web.ServletTestExecutionListener, org.springframework.test.context.support.DirtiesContextBeforeModesTestExecutionListener, org.springframework.test.context.support.DependencyInjectionTestExecutionListener, org.springframework.test.context.support.DirtiesContextTestExecutionListener, org.springframework.test.context.transaction.TransactionalTestExecutionListener, org.springframework.test.context.jdbc.SqlScriptsTestExecutionListener]
2021-09-24 14:38:25.698  INFO 96715 --- [    Test worker] .b.t.a.w.s.WebMvcTestContextBootstrapper : Using TestExecutionListeners: [org.springframework.test.context.web.ServletTestExecutionListener@298c2b83, org.springframework.test.context.support.DirtiesContextBeforeModesTestExecutionListener@2995e557, org.springframework.boot.test.mock.mockito.MockitoTestExecutionListener@157cc3ea, org.springframework.boot.test.autoconfigure.SpringBootDependencyInjectionTestExecutionListener@69802b30, org.springframework.test.context.support.DirtiesContextTestExecutionListener@2118c5b0, org.springframework.test.context.transaction.TransactionalTestExecutionListener@27212399, org.springframework.test.context.jdbc.SqlScriptsTestExecutionListener@54b1c704, org.springframework.security.test.context.support.WithSecurityContextTestExecutionListener@3c00bf09, org.springframework.security.test.context.support.ReactorContextTestExecutionListener@5bd2c87c, org.springframework.boot.test.autoconfigure.restdocs.RestDocsTestExecutionListener@75410574, org.springframework.boot.test.autoconfigure.web.client.MockRestServiceServerResetTestExecutionListener@2f12653f, org.springframework.boot.test.autoconfigure.web.servlet.MockMvcPrintOnlyOnFailureTestExecutionListener@16d37f23, org.springframework.boot.test.autoconfigure.web.servlet.WebDriverTestExecutionListener@5b0fd4ad, org.springframework.boot.test.mock.mockito.ResetMocksTestExecutionListener@2618001d]

  .   ____          _            __ _ _
 /\\ / ___'_ __ _ _(_)_ __  __ _ \ \ \ \
( ( )\___ | '_ | '_| | '_ \/ _` | \ \ \ \
 \\/  ___)| |_)| | | | | || (_| |  ) ) ) )
  '  |____| .__|_| |_|_| |_\__, | / / / /
 =========|_|==============|___/=/_/_/_/
 :: Spring Boot ::        (v2.1.9.RELEASE)

2021-09-24 14:38:25.778  INFO 96715 --- [    Test worker] c.j.b.s.web.HelloControllerTest          : Starting HelloControllerTest on gimtaemin-ui-MacBookAir.local with PID 96715 (started by kimtaemin in /Users/kimtaemin/Desktop/study/springboot-aws-webservice)
2021-09-24 14:38:25.779  INFO 96715 --- [    Test worker] c.j.b.s.web.HelloControllerTest          : No active profile set, falling back to default profiles: default
2021-09-24 14:38:26.356  INFO 96715 --- [    Test worker] o.s.s.concurrent.ThreadPoolTaskExecutor  : Initializing ExecutorService 'applicationTaskExecutor'
2021-09-24 14:38:26.398  INFO 96715 --- [    Test worker] o.s.b.a.w.s.WelcomePageHandlerMapping    : Adding welcome page template: index
2021-09-24 14:38:26.630  INFO 96715 --- [    Test worker] .s.s.UserDetailsServiceAutoConfiguration : 

Using generated security password: 6507f36e-ae70-4a6c-945f-d95566930dd7

2021-09-24 14:38:26.767  INFO 96715 --- [    Test worker] o.s.s.web.DefaultSecurityFilterChain     : Creating filter chain: any request, [org.springframework.security.web.context.request.async.WebAsyncManagerIntegrationFilter@2369bf73, org.springframework.security.web.context.SecurityContextPersistenceFilter@44f605ed, org.springframework.security.web.header.HeaderWriterFilter@583c50de, org.springframework.security.web.csrf.CsrfFilter@2852fc81, org.springframework.security.web.authentication.logout.LogoutFilter@2695a891, org.springframework.security.web.authentication.UsernamePasswordAuthenticationFilter@94525f8, org.springframework.security.web.authentication.ui.DefaultLoginPageGeneratingFilter@68ccc635, org.springframework.security.web.authentication.ui.DefaultLogoutPageGeneratingFilter@6032864d, org.springframework.security.web.authentication.www.BasicAuthenticationFilter@5573c49, org.springframework.security.web.savedrequest.RequestCacheAwareFilter@1d7bcade, org.springframework.security.web.servletapi.SecurityContextHolderAwareRequestFilter@277bc30f, org.springframework.security.web.authentication.AnonymousAuthenticationFilter@5cbb4b76, org.springframework.security.web.session.SessionManagementFilter@67b519ac, org.springframework.security.web.access.ExceptionTranslationFilter@124973ae, org.springframework.security.web.access.intercept.FilterSecurityInterceptor@10c2c607]
2021-09-24 14:38:26.782  INFO 96715 --- [    Test worker] o.s.b.t.m.w.SpringBootMockServletContext : Initializing Spring TestDispatcherServlet ''
2021-09-24 14:38:26.783  INFO 96715 --- [    Test worker] o.s.t.web.servlet.TestDispatcherServlet  : Initializing Servlet ''
2021-09-24 14:38:26.786  INFO 96715 --- [    Test worker] o.s.t.web.servlet.TestDispatcherServlet  : Completed initialization in 3 ms
2021-09-24 14:38:26.826  INFO 96715 --- [    Test worker] c.j.b.s.web.HelloControllerTest          : Started HelloControllerTest in 1.109 seconds (JVM running for 13.263)
]]></system-out>
  <system-err><![CDATA[]]></system-err>
</testsuite>
